<?xml version="1.0" encoding="UTF-8"?>
<!-- Generated by org.testng.reporters.JUnitXMLReporter -->
<testsuite ignored="3" hostname="DESKTOP-0I0ANID" failures="2" tests="2" name="Test" time="0.084" errors="0" timestamp="2025-04-08T14:53:11 GMT-05:00">
  <testcase classname="com.qaCRM.testcases.LoginApplication" name="loginPageTitleTest" time="0.01">
    <failure type="java.lang.NullPointerException" message="Cannot invoke &amp;quot;com.qaCRM.pages.LoginPage.pageTitleVal()&amp;quot; because &amp;quot;this.loginpage&amp;quot; is null">
      <![CDATA[java.lang.NullPointerException: Cannot invoke "com.qaCRM.pages.LoginPage.pageTitleVal()" because "this.loginpage" is null
at com.qaCRM.testcases.LoginApplication.loginPageTitleTest(LoginApplication.java:30)
at java.base/java.util.concurrent.Executors$RunnableAdapter.call(Executors.java:539)
at java.base/java.util.concurrent.FutureTask.run(FutureTask.java:264)
at java.base/java.util.concurrent.ThreadPoolExecutor.runWorker(ThreadPoolExecutor.java:1136)
at java.base/java.util.concurrent.ThreadPoolExecutor$Worker.run(ThreadPoolExecutor.java:635)
at java.base/java.lang.Thread.run(Thread.java:833)
... Removed 13 stack frames]]>
    </failure>
  </testcase> <!-- loginPageTitleTest -->
  <testcase classname="com.qaCRM.testcases.LoginApplication" name="loginTest" time="0.035">
    <failure type="java.lang.NullPointerException" message="Cannot invoke &amp;quot;org.openqa.selenium.SearchContext.findElement(org.openqa.selenium.By)&amp;quot; because &amp;quot;this.searchContext&amp;quot; is null">
      <![CDATA[java.lang.NullPointerException: Cannot invoke "org.openqa.selenium.SearchContext.findElement(org.openqa.selenium.By)" because "this.searchContext" is null
at org.openqa.selenium.support.pagefactory.DefaultElementLocator.findElement(DefaultElementLocator.java:68)
at org.openqa.selenium.support.pagefactory.internal.LocatingElementHandler.invoke(LocatingElementHandler.java:38)
at jdk.proxy2/jdk.proxy2.$Proxy11.sendKeys(Unknown Source)
at com.qaCRM.pages.LoginPage.login(LoginPage.java:36)
at com.qaCRM.testcases.LoginApplication.loginTest(LoginApplication.java:37)
at java.base/java.util.concurrent.Executors$RunnableAdapter.call(Executors.java:539)
at java.base/java.util.concurrent.FutureTask.run(FutureTask.java:264)
at java.base/java.util.concurrent.ThreadPoolExecutor.runWorker(ThreadPoolExecutor.java:1136)
at java.base/java.util.concurrent.ThreadPoolExecutor$Worker.run(ThreadPoolExecutor.java:635)
at java.base/java.lang.Thread.run(Thread.java:833)
... Removed 13 stack frames]]>
    </failure>
  </testcase> <!-- loginTest -->
  <testcase classname="com.qaCRM.testcases.HomePageTest" name="verifyUserName" time="0.0">
    <ignored/>
  </testcase> <!-- verifyUserName -->
  <testcase classname="com.qaCRM.testcases.HomePageTest" name="verifyHomepageTitleTest" time="0.0">
    <ignored/>
  </testcase> <!-- verifyHomepageTitleTest -->
  <testcase classname="com.qaCRM.testcases.HomePageTest" name="clickOnContactsPage" time="0.0">
    <ignored/>
  </testcase> <!-- clickOnContactsPage -->
</testsuite> <!-- Test -->
